<?xml version="1.0" encoding="UTF-8"?>
<!-- Generated by org.testng.reporters.JUnitReportReporter -->
<testsuite hostname="DESKTOP-KECRS0N" failures="0" tests="5" name="SeleniumTests.AnsDigiAutomationTest" time="62.244" errors="0" timestamp="2021-02-12T16:58:12 GMT" skipped="0">
  <testcase classname="SeleniumTests.AnsDigiAutomationTest" name="testValidLogin" time="11.984"/>
  <system-out/>
  <testcase classname="SeleniumTests.AnsDigiAutomationTest" name="testInfiniteScroll" time="16.886"/>
  <system-out/>
  <testcase classname="SeleniumTests.AnsDigiAutomationTest" name="testInvalidUserName" time="9.320"/>
  <system-out/>
  <testcase classname="SeleniumTests.AnsDigiAutomationTest" name="testInvalidPassword" time="9.125"/>
  <system-out/>
  <testcase classname="SeleniumTests.AnsDigiAutomationTest" name="testKeyPresses" time="14.929"/>
  <system-out/>
</testsuite> <!-- SeleniumTests.AnsDigiAutomationTest -->
