<?xml version="1.0" encoding="UTF-8"?>
<!-- Generated by org.testng.reporters.JUnitReportReporter -->
<testsuite hostname="DESKTOP-KECRS0N" failures="0" tests="5" name="SeleniumTests.LoginTest" time="63.494" errors="0" timestamp="2021-02-12T16:49:03 GMT" skipped="0">
  <testcase classname="SeleniumTests.LoginTest" name="testInfiniteScroll" time="16.229"/>
  <system-out/>
  <testcase classname="SeleniumTests.LoginTest" name="testKeyPresses" time="16.340"/>
  <system-out/>
  <testcase classname="SeleniumTests.LoginTest" name="testInvalidUserName" time="8.640"/>
  <system-out/>
  <testcase classname="SeleniumTests.LoginTest" name="testInvalidPassword" time="9.297"/>
  <system-out/>
  <testcase classname="SeleniumTests.LoginTest" name="testValidLogin" time="12.988"/>
  <system-out/>
</testsuite> <!-- SeleniumTests.LoginTest -->
